backup service is running
On branch main
Your branch is up to date with 'origin/main'.

Changes not staged for commit:
  (use "git add <file>..." to update what will be committed)
  (use "git restore <file>..." to discard changes in working directory)
	modified:   cowrie/log/cowrie.json
	modified:   fatt/log/fatt.log
	modified:   git_backup.log
	modified:   heralding/log/log_session.json
	modified:   heralding/log/session.csv
	modified:   honeytrap/log/attacker.log
	modified:   honeytrap/log/attackers.json
	modified:   honeytrap/log/honeytrap.log
	modified:   p0f/log/p0f.json
	modified:   sentrypeer/log/sentrypeer.db
	modified:   sentrypeer/log/sentrypeer.json

Untracked files:
  (use "git add <file>..." to include in what will be committed)
	cowrie/downloads/
	cowrie/log/tty/
	honeytrap/attacks/from_port_16045-tcp_46_2022-06-01_md5_876af774b73ea74efe87ddef3c20f514
	honeytrap/attacks/from_port_8446-tcp_48_2022-06-01_md5_183faddb3e2f8d947a3d80859fd40cd7

no changes added to commit (use "git add" and/or "git commit -a")
