2022-06-01 14:12:16,134 (heralding.honeypot) Started smtps capability listening on port 465
2022-06-01 14:12:16,135 (heralding.honeypot) Started Socks5 capability listening on port 1080
2022-06-01 14:12:16,136 (heralding.honeypot) Started Vnc capability listening on port 5900
2022-06-01 14:12:16,137 (heralding.honeypot) Started Imap capability listening on port 143
2022-06-01 14:12:54,970 (root) Initializing Heralding version 1.0.7
2022-06-01 14:12:55,174 (heralding.honeypot) Using default wordlist file: "/usr/lib/python3.9/site-packages/heralding/wordlist.txt", if you want to customize values please copy this file to the current working directory
2022-06-01 14:12:55,188 (heralding.reporting.file_logger) File logger: Using /var/log/heralding/auth.csv to log authentication attempts in CSV format.
2022-06-01 14:12:55,193 (heralding.reporting.file_logger) File logger: Using /var/log/heralding/session.csv to log unified session data in CSV format.
2022-06-01 14:12:55,197 (heralding.reporting.file_logger) File logger: Using /var/log/heralding/log_session.json to log complete session data in JSON format.
2022-06-01 14:12:55,480 (heralding.honeypot) Found public ip: 34.125.121.193
2022-06-01 14:12:55,480 (heralding.honeypot) Started smtp capability listening on port 25
2022-06-01 14:12:57,863 (heralding.honeypot) Started smtps capability listening on port 465
2022-06-01 14:12:57,864 (heralding.honeypot) Started Socks5 capability listening on port 1080
2022-06-01 14:12:57,865 (heralding.honeypot) Started Vnc capability listening on port 5900
2022-06-01 14:12:57,865 (heralding.honeypot) Started Imap capability listening on port 143
2022-06-01 14:12:58,498 (heralding.honeypot) Started Imaps capability listening on port 993
2022-06-01 14:12:58,499 (heralding.honeypot) Started Telnet capability listening on port 23
2022-06-01 14:12:58,500 (heralding.honeypot) Started PostgreSQL capability listening on port 5432
2022-06-01 14:12:58,500 (heralding.honeypot) Started Pop3 capability listening on port 110
2022-06-01 14:12:59,509 (heralding.honeypot) Started Pop3S capability listening on port 995
2022-06-01 14:12:59,510 (heralding.honeypot) Started MySQL capability listening on port 3306
2022-06-01 14:13:00,563 (heralding.honeypot) Started RDP capability listening on port 3389
2022-06-01 14:13:00,567 (heralding.honeypot) Started Http capability listening on port 80
2022-06-01 14:13:01,998 (heralding.honeypot) Started https capability listening on port 443
2022-06-01 14:13:01,999 (heralding.honeypot) Started ftp capability listening on port 21
2022-06-01 14:13:04,504 (heralding.honeypot) Started SSH capability listening on port 22
