2022-06-01 12:43:41,078 [DEBUG] correlation.py:80 : Parsing rule email_in_multiple_breaches...
2022-06-01 12:43:41,095 [DEBUG] correlation.py:80 : Parsing rule host_only_from_certificatetransparency...
2022-06-01 12:43:41,132 [DEBUG] correlation.py:80 : Parsing rule email_only_from_pasteleak_site...
2022-06-01 12:43:41,187 [DEBUG] correlation.py:80 : Parsing rule root_path_needs_auth...
2022-06-01 12:43:41,209 [DEBUG] correlation.py:80 : Parsing rule stale_host...
2022-06-01 12:43:41,266 [DEBUG] correlation.py:80 : Parsing rule dns_zone_transfer_possible...
2022-06-01 12:43:41,293 [DEBUG] correlation.py:80 : Parsing rule egress_ip_from_wikipedia...
2022-06-01 12:43:41,330 [DEBUG] correlation.py:80 : Parsing rule internal_host...
2022-06-01 12:43:41,357 [DEBUG] correlation.py:80 : Parsing rule email_in_whois...
2022-06-01 12:43:41,415 [DEBUG] correlation.py:80 : Parsing rule multiple_malicious...
2022-06-01 12:43:41,457 [DEBUG] correlation.py:80 : Parsing rule cloud_bucket_open...
2022-06-01 12:43:41,473 [DEBUG] correlation.py:80 : Parsing rule cert_expired...
2022-06-01 12:43:41,518 [DEBUG] correlation.py:80 : Parsing rule host_only_from_bruteforce...
2022-06-01 12:43:41,553 [DEBUG] correlation.py:80 : Parsing rule human_name_in_whois...
2022-06-01 12:43:41,576 [DEBUG] correlation.py:80 : Parsing rule database_exposed...
2022-06-01 12:43:41,603 [DEBUG] correlation.py:80 : Parsing rule strong_similardomain_crossref...
2022-06-01 12:43:41,641 [DEBUG] correlation.py:80 : Parsing rule vulnerability_critical...
2022-06-01 12:43:41,658 [DEBUG] correlation.py:80 : Parsing rule data_from_base64...
2022-06-01 12:43:41,686 [DEBUG] correlation.py:80 : Parsing rule name_only_from_pasteleak_site...
2022-06-01 12:43:41,714 [DEBUG] correlation.py:80 : Parsing rule outlier_country...
2022-06-01 12:43:41,746 [DEBUG] correlation.py:80 : Parsing rule outlier_cloud...
2022-06-01 12:43:41,774 [DEBUG] correlation.py:80 : Parsing rule outlier_email...
2022-06-01 12:43:41,812 [DEBUG] correlation.py:80 : Parsing rule http_errors...
2022-06-01 12:43:41,839 [DEBUG] correlation.py:80 : Parsing rule outlier_registrar...
2022-06-01 12:43:41,859 [DEBUG] correlation.py:80 : Parsing rule remote_desktop_exposed...
2022-06-01 12:43:41,876 [DEBUG] correlation.py:80 : Parsing rule outlier_hostname...
2022-06-01 12:43:41,895 [DEBUG] correlation.py:80 : Parsing rule open_port_version...
2022-06-01 12:43:41,935 [DEBUG] correlation.py:80 : Parsing rule data_from_docmeta...
2022-06-01 12:43:41,948 [DEBUG] correlation.py:80 : Parsing rule outlier_ipaddress...
2022-06-01 12:43:41,979 [DEBUG] correlation.py:80 : Parsing rule vulnerability_mediumlow...
2022-06-01 12:43:42,018 [DEBUG] correlation.py:80 : Parsing rule strong_affiliate_certs...
2022-06-01 12:43:42,039 [DEBUG] correlation.py:80 : Parsing rule multiple_malicious_affiliate...
2022-06-01 12:43:42,069 [DEBUG] correlation.py:80 : Parsing rule vulnerability_high...
2022-06-01 12:43:42,090 [DEBUG] correlation.py:80 : Parsing rule multiple_malicious_cohost...
2022-06-01 12:43:42,124 [DEBUG] correlation.py:80 : Parsing rule dev_or_test_system...
2022-06-01 12:43:42,152 [DEBUG] correlation.py:80 : Parsing rule cloud_bucket_open_related...
2022-06-01 12:43:42,194 [DEBUG] correlation.py:80 : Parsing rule outlier_webserver...
2022-06-01 12:43:42,217 [INFO] sf.py:493 : Starting web server at 0.0.0.0:8080 ...
2022-06-01 12:43:42,372 [WARNING] sf.py:550 : 
********************************************************************
Warning: passwd file contains no passwords. Authentication disabled.
Please consider adding authentication to protect this instance!
Refer to https://www.spiderfoot.net/documentation/#security.
********************************************************************

2022-06-01 12:44:33,921 [DEBUG] correlation.py:80 : Parsing rule email_in_multiple_breaches...
2022-06-01 12:44:33,972 [DEBUG] correlation.py:80 : Parsing rule host_only_from_certificatetransparency...
2022-06-01 12:44:34,018 [DEBUG] correlation.py:80 : Parsing rule email_only_from_pasteleak_site...
2022-06-01 12:44:34,065 [DEBUG] correlation.py:80 : Parsing rule root_path_needs_auth...
2022-06-01 12:44:34,094 [DEBUG] correlation.py:80 : Parsing rule stale_host...
2022-06-01 12:44:34,142 [DEBUG] correlation.py:80 : Parsing rule dns_zone_transfer_possible...
2022-06-01 12:44:34,161 [DEBUG] correlation.py:80 : Parsing rule egress_ip_from_wikipedia...
2022-06-01 12:44:34,176 [DEBUG] correlation.py:80 : Parsing rule internal_host...
2022-06-01 12:44:34,237 [DEBUG] correlation.py:80 : Parsing rule email_in_whois...
2022-06-01 12:44:34,257 [DEBUG] correlation.py:80 : Parsing rule multiple_malicious...
2022-06-01 12:44:34,301 [DEBUG] correlation.py:80 : Parsing rule cloud_bucket_open...
2022-06-01 12:44:34,329 [DEBUG] correlation.py:80 : Parsing rule cert_expired...
2022-06-01 12:44:34,352 [DEBUG] correlation.py:80 : Parsing rule host_only_from_bruteforce...
2022-06-01 12:44:34,383 [DEBUG] correlation.py:80 : Parsing rule human_name_in_whois...
2022-06-01 12:44:34,406 [DEBUG] correlation.py:80 : Parsing rule database_exposed...
2022-06-01 12:44:34,426 [DEBUG] correlation.py:80 : Parsing rule strong_similardomain_crossref...
2022-06-01 12:44:34,451 [DEBUG] correlation.py:80 : Parsing rule vulnerability_critical...
2022-06-01 12:44:34,486 [DEBUG] correlation.py:80 : Parsing rule data_from_base64...
2022-06-01 12:44:34,500 [DEBUG] correlation.py:80 : Parsing rule name_only_from_pasteleak_site...
2022-06-01 12:44:34,523 [DEBUG] correlation.py:80 : Parsing rule outlier_country...
2022-06-01 12:44:34,548 [DEBUG] correlation.py:80 : Parsing rule outlier_cloud...
2022-06-01 12:44:34,559 [DEBUG] correlation.py:80 : Parsing rule outlier_email...
2022-06-01 12:44:34,575 [DEBUG] correlation.py:80 : Parsing rule http_errors...
2022-06-01 12:44:34,598 [DEBUG] correlation.py:80 : Parsing rule outlier_registrar...
2022-06-01 12:44:34,616 [DEBUG] correlation.py:80 : Parsing rule remote_desktop_exposed...
2022-06-01 12:44:34,652 [DEBUG] correlation.py:80 : Parsing rule outlier_hostname...
2022-06-01 12:44:34,662 [DEBUG] correlation.py:80 : Parsing rule open_port_version...
2022-06-01 12:44:34,672 [DEBUG] correlation.py:80 : Parsing rule data_from_docmeta...
2022-06-01 12:44:34,697 [DEBUG] correlation.py:80 : Parsing rule outlier_ipaddress...
2022-06-01 12:44:34,717 [DEBUG] correlation.py:80 : Parsing rule vulnerability_mediumlow...
2022-06-01 12:44:34,732 [DEBUG] correlation.py:80 : Parsing rule strong_affiliate_certs...
2022-06-01 12:44:34,760 [DEBUG] correlation.py:80 : Parsing rule multiple_malicious_affiliate...
2022-06-01 12:44:34,779 [DEBUG] correlation.py:80 : Parsing rule vulnerability_high...
2022-06-01 12:44:34,793 [DEBUG] correlation.py:80 : Parsing rule multiple_malicious_cohost...
2022-06-01 12:44:34,827 [DEBUG] correlation.py:80 : Parsing rule dev_or_test_system...
2022-06-01 12:44:34,842 [DEBUG] correlation.py:80 : Parsing rule cloud_bucket_open_related...
2022-06-01 12:44:34,859 [DEBUG] correlation.py:80 : Parsing rule outlier_webserver...
2022-06-01 12:44:34,894 [INFO] sf.py:493 : Starting web server at 0.0.0.0:8080 ...
2022-06-01 12:44:34,985 [WARNING] sf.py:550 : 
********************************************************************
Warning: passwd file contains no passwords. Authentication disabled.
Please consider adding authentication to protect this instance!
Refer to https://www.spiderfoot.net/documentation/#security.
********************************************************************

2022-06-01 12:57:13,132 [DEBUG] correlation.py:80 : Parsing rule email_in_multiple_breaches...
2022-06-01 12:57:13,151 [DEBUG] correlation.py:80 : Parsing rule host_only_from_certificatetransparency...
2022-06-01 12:57:13,177 [DEBUG] correlation.py:80 : Parsing rule email_only_from_pasteleak_site...
2022-06-01 12:57:13,199 [DEBUG] correlation.py:80 : Parsing rule root_path_needs_auth...
2022-06-01 12:57:13,224 [DEBUG] correlation.py:80 : Parsing rule stale_host...
2022-06-01 12:57:13,269 [DEBUG] correlation.py:80 : Parsing rule dns_zone_transfer_possible...
2022-06-01 12:57:13,284 [DEBUG] correlation.py:80 : Parsing rule egress_ip_from_wikipedia...
2022-06-01 12:57:13,311 [DEBUG] correlation.py:80 : Parsing rule internal_host...
2022-06-01 12:57:13,333 [DEBUG] correlation.py:80 : Parsing rule email_in_whois...
2022-06-01 12:57:13,346 [DEBUG] correlation.py:80 : Parsing rule multiple_malicious...
2022-06-01 12:57:13,375 [DEBUG] correlation.py:80 : Parsing rule cloud_bucket_open...
2022-06-01 12:57:13,395 [DEBUG] correlation.py:80 : Parsing rule cert_expired...
2022-06-01 12:57:13,417 [DEBUG] correlation.py:80 : Parsing rule host_only_from_bruteforce...
2022-06-01 12:57:13,436 [DEBUG] correlation.py:80 : Parsing rule human_name_in_whois...
2022-06-01 12:57:13,456 [DEBUG] correlation.py:80 : Parsing rule database_exposed...
2022-06-01 12:57:13,486 [DEBUG] correlation.py:80 : Parsing rule strong_similardomain_crossref...
2022-06-01 12:57:13,504 [DEBUG] correlation.py:80 : Parsing rule vulnerability_critical...
2022-06-01 12:57:13,514 [DEBUG] correlation.py:80 : Parsing rule data_from_base64...
2022-06-01 12:57:13,537 [DEBUG] correlation.py:80 : Parsing rule name_only_from_pasteleak_site...
2022-06-01 12:57:13,559 [DEBUG] correlation.py:80 : Parsing rule outlier_country...
2022-06-01 12:57:13,574 [DEBUG] correlation.py:80 : Parsing rule outlier_cloud...
2022-06-01 12:57:13,589 [DEBUG] correlation.py:80 : Parsing rule outlier_email...
2022-06-01 12:57:13,600 [DEBUG] correlation.py:80 : Parsing rule http_errors...
2022-06-01 12:57:13,642 [DEBUG] correlation.py:80 : Parsing rule outlier_registrar...
2022-06-01 12:57:13,657 [DEBUG] correlation.py:80 : Parsing rule remote_desktop_exposed...
2022-06-01 12:57:13,680 [DEBUG] correlation.py:80 : Parsing rule outlier_hostname...
2022-06-01 12:57:13,702 [DEBUG] correlation.py:80 : Parsing rule open_port_version...
2022-06-01 12:57:13,711 [DEBUG] correlation.py:80 : Parsing rule data_from_docmeta...
2022-06-01 12:57:13,736 [DEBUG] correlation.py:80 : Parsing rule outlier_ipaddress...
2022-06-01 12:57:13,764 [DEBUG] correlation.py:80 : Parsing rule vulnerability_mediumlow...
2022-06-01 12:57:13,782 [DEBUG] correlation.py:80 : Parsing rule strong_affiliate_certs...
2022-06-01 12:57:13,813 [DEBUG] correlation.py:80 : Parsing rule multiple_malicious_affiliate...
2022-06-01 12:57:13,843 [DEBUG] correlation.py:80 : Parsing rule vulnerability_high...
2022-06-01 12:57:13,861 [DEBUG] correlation.py:80 : Parsing rule multiple_malicious_cohost...
2022-06-01 12:57:13,892 [DEBUG] correlation.py:80 : Parsing rule dev_or_test_system...
2022-06-01 12:57:13,903 [DEBUG] correlation.py:80 : Parsing rule cloud_bucket_open_related...
2022-06-01 12:57:13,921 [DEBUG] correlation.py:80 : Parsing rule outlier_webserver...
2022-06-01 12:57:13,943 [INFO] sf.py:493 : Starting web server at 0.0.0.0:8080 ...
2022-06-01 12:57:14,110 [WARNING] sf.py:550 : 
********************************************************************
Warning: passwd file contains no passwords. Authentication disabled.
Please consider adding authentication to protect this instance!
Refer to https://www.spiderfoot.net/documentation/#security.
********************************************************************

2022-06-01 12:57:45,049 [DEBUG] correlation.py:80 : Parsing rule email_in_multiple_breaches...
2022-06-01 12:57:45,067 [DEBUG] correlation.py:80 : Parsing rule host_only_from_certificatetransparency...
2022-06-01 12:57:45,086 [DEBUG] correlation.py:80 : Parsing rule email_only_from_pasteleak_site...
2022-06-01 12:57:45,106 [DEBUG] correlation.py:80 : Parsing rule root_path_needs_auth...
2022-06-01 12:57:45,121 [DEBUG] correlation.py:80 : Parsing rule stale_host...
2022-06-01 12:57:45,141 [DEBUG] correlation.py:80 : Parsing rule dns_zone_transfer_possible...
2022-06-01 12:57:45,151 [DEBUG] correlation.py:80 : Parsing rule egress_ip_from_wikipedia...
2022-06-01 12:57:45,166 [DEBUG] correlation.py:80 : Parsing rule internal_host...
2022-06-01 12:57:45,183 [DEBUG] correlation.py:80 : Parsing rule email_in_whois...
2022-06-01 12:57:45,191 [DEBUG] correlation.py:80 : Parsing rule multiple_malicious...
2022-06-01 12:57:45,205 [DEBUG] correlation.py:80 : Parsing rule cloud_bucket_open...
2022-06-01 12:57:45,213 [DEBUG] correlation.py:80 : Parsing rule cert_expired...
2022-06-01 12:57:45,224 [DEBUG] correlation.py:80 : Parsing rule host_only_from_bruteforce...
2022-06-01 12:57:45,237 [DEBUG] correlation.py:80 : Parsing rule human_name_in_whois...
2022-06-01 12:57:45,245 [DEBUG] correlation.py:80 : Parsing rule database_exposed...
2022-06-01 12:57:45,259 [DEBUG] correlation.py:80 : Parsing rule strong_similardomain_crossref...
2022-06-01 12:57:45,270 [DEBUG] correlation.py:80 : Parsing rule vulnerability_critical...
2022-06-01 12:57:45,280 [DEBUG] correlation.py:80 : Parsing rule data_from_base64...
2022-06-01 12:57:45,290 [DEBUG] correlation.py:80 : Parsing rule name_only_from_pasteleak_site...
2022-06-01 12:57:45,307 [DEBUG] correlation.py:80 : Parsing rule outlier_country...
2022-06-01 12:57:45,317 [DEBUG] correlation.py:80 : Parsing rule outlier_cloud...
2022-06-01 12:57:45,329 [DEBUG] correlation.py:80 : Parsing rule outlier_email...
2022-06-01 12:57:45,336 [DEBUG] correlation.py:80 : Parsing rule http_errors...
2022-06-01 12:57:45,349 [DEBUG] correlation.py:80 : Parsing rule outlier_registrar...
2022-06-01 12:57:45,357 [DEBUG] correlation.py:80 : Parsing rule remote_desktop_exposed...
2022-06-01 12:57:45,365 [DEBUG] correlation.py:80 : Parsing rule outlier_hostname...
2022-06-01 12:57:45,378 [DEBUG] correlation.py:80 : Parsing rule open_port_version...
2022-06-01 12:57:45,392 [DEBUG] correlation.py:80 : Parsing rule data_from_docmeta...
2022-06-01 12:57:45,401 [DEBUG] correlation.py:80 : Parsing rule outlier_ipaddress...
2022-06-01 12:57:45,408 [DEBUG] correlation.py:80 : Parsing rule vulnerability_mediumlow...
2022-06-01 12:57:45,420 [DEBUG] correlation.py:80 : Parsing rule strong_affiliate_certs...
2022-06-01 12:57:45,435 [DEBUG] correlation.py:80 : Parsing rule multiple_malicious_affiliate...
2022-06-01 12:57:45,445 [DEBUG] correlation.py:80 : Parsing rule vulnerability_high...
2022-06-01 12:57:45,455 [DEBUG] correlation.py:80 : Parsing rule multiple_malicious_cohost...
2022-06-01 12:57:45,466 [DEBUG] correlation.py:80 : Parsing rule dev_or_test_system...
2022-06-01 12:57:45,478 [DEBUG] correlation.py:80 : Parsing rule cloud_bucket_open_related...
2022-06-01 12:57:45,501 [DEBUG] correlation.py:80 : Parsing rule outlier_webserver...
2022-06-01 12:57:45,535 [INFO] sf.py:493 : Starting web server at 0.0.0.0:8080 ...
2022-06-01 12:57:45,615 [WARNING] sf.py:550 : 
********************************************************************
Warning: passwd file contains no passwords. Authentication disabled.
Please consider adding authentication to protect this instance!
Refer to https://www.spiderfoot.net/documentation/#security.
********************************************************************

2022-06-01 14:12:19,412 [DEBUG] correlation.py:80 : Parsing rule email_in_multiple_breaches...
2022-06-01 14:12:19,418 [DEBUG] correlation.py:80 : Parsing rule host_only_from_certificatetransparency...
2022-06-01 14:12:19,426 [DEBUG] correlation.py:80 : Parsing rule email_only_from_pasteleak_site...
2022-06-01 14:12:19,434 [DEBUG] correlation.py:80 : Parsing rule root_path_needs_auth...
2022-06-01 14:12:19,440 [DEBUG] correlation.py:80 : Parsing rule stale_host...
2022-06-01 14:12:19,451 [DEBUG] correlation.py:80 : Parsing rule dns_zone_transfer_possible...
2022-06-01 14:12:19,457 [DEBUG] correlation.py:80 : Parsing rule egress_ip_from_wikipedia...
2022-06-01 14:12:19,465 [DEBUG] correlation.py:80 : Parsing rule internal_host...
2022-06-01 14:12:19,470 [DEBUG] correlation.py:80 : Parsing rule email_in_whois...
2022-06-01 14:12:19,477 [DEBUG] correlation.py:80 : Parsing rule multiple_malicious...
2022-06-01 14:12:19,490 [DEBUG] correlation.py:80 : Parsing rule cloud_bucket_open...
2022-06-01 14:12:19,497 [DEBUG] correlation.py:80 : Parsing rule cert_expired...
2022-06-01 14:12:19,501 [DEBUG] correlation.py:80 : Parsing rule host_only_from_bruteforce...
2022-06-01 14:12:19,512 [DEBUG] correlation.py:80 : Parsing rule human_name_in_whois...
2022-06-01 14:12:19,516 [DEBUG] correlation.py:80 : Parsing rule database_exposed...
2022-06-01 14:12:19,524 [DEBUG] correlation.py:80 : Parsing rule strong_similardomain_crossref...
2022-06-01 14:12:19,530 [DEBUG] correlation.py:80 : Parsing rule vulnerability_critical...
2022-06-01 14:12:19,534 [DEBUG] correlation.py:80 : Parsing rule data_from_base64...
2022-06-01 14:12:19,540 [DEBUG] correlation.py:80 : Parsing rule name_only_from_pasteleak_site...
2022-06-01 14:12:19,551 [DEBUG] correlation.py:80 : Parsing rule outlier_country...
2022-06-01 14:12:19,557 [DEBUG] correlation.py:80 : Parsing rule outlier_cloud...
2022-06-01 14:12:19,564 [DEBUG] correlation.py:80 : Parsing rule outlier_email...
2022-06-01 14:12:19,571 [DEBUG] correlation.py:80 : Parsing rule http_errors...
2022-06-01 14:12:19,583 [DEBUG] correlation.py:80 : Parsing rule outlier_registrar...
2022-06-01 14:12:19,589 [DEBUG] correlation.py:80 : Parsing rule remote_desktop_exposed...
2022-06-01 14:12:19,595 [DEBUG] correlation.py:80 : Parsing rule outlier_hostname...
2022-06-01 14:12:19,599 [DEBUG] correlation.py:80 : Parsing rule open_port_version...
2022-06-01 14:12:19,608 [DEBUG] correlation.py:80 : Parsing rule data_from_docmeta...
2022-06-01 14:12:19,614 [DEBUG] correlation.py:80 : Parsing rule outlier_ipaddress...
2022-06-01 14:12:19,618 [DEBUG] correlation.py:80 : Parsing rule vulnerability_mediumlow...
2022-06-01 14:12:19,624 [DEBUG] correlation.py:80 : Parsing rule strong_affiliate_certs...
2022-06-01 14:12:19,632 [DEBUG] correlation.py:80 : Parsing rule multiple_malicious_affiliate...
2022-06-01 14:12:19,638 [DEBUG] correlation.py:80 : Parsing rule vulnerability_high...
2022-06-01 14:12:19,641 [DEBUG] correlation.py:80 : Parsing rule multiple_malicious_cohost...
2022-06-01 14:12:19,647 [DEBUG] correlation.py:80 : Parsing rule dev_or_test_system...
2022-06-01 14:12:19,652 [DEBUG] correlation.py:80 : Parsing rule cloud_bucket_open_related...
2022-06-01 14:12:19,659 [DEBUG] correlation.py:80 : Parsing rule outlier_webserver...
2022-06-01 14:12:19,666 [INFO] sf.py:493 : Starting web server at 0.0.0.0:8080 ...
2022-06-01 14:12:19,705 [WARNING] sf.py:550 : 
********************************************************************
Warning: passwd file contains no passwords. Authentication disabled.
Please consider adding authentication to protect this instance!
Refer to https://www.spiderfoot.net/documentation/#security.
********************************************************************

2022-06-01 14:12:54,146 [DEBUG] correlation.py:80 : Parsing rule email_in_multiple_breaches...
2022-06-01 14:12:54,172 [DEBUG] correlation.py:80 : Parsing rule host_only_from_certificatetransparency...
2022-06-01 14:12:54,219 [DEBUG] correlation.py:80 : Parsing rule email_only_from_pasteleak_site...
2022-06-01 14:12:54,242 [DEBUG] correlation.py:80 : Parsing rule root_path_needs_auth...
2022-06-01 14:12:54,263 [DEBUG] correlation.py:80 : Parsing rule stale_host...
2022-06-01 14:12:54,313 [DEBUG] correlation.py:80 : Parsing rule dns_zone_transfer_possible...
2022-06-01 14:12:54,337 [DEBUG] correlation.py:80 : Parsing rule egress_ip_from_wikipedia...
2022-06-01 14:12:54,364 [DEBUG] correlation.py:80 : Parsing rule internal_host...
2022-06-01 14:12:54,381 [DEBUG] correlation.py:80 : Parsing rule email_in_whois...
2022-06-01 14:12:54,401 [DEBUG] correlation.py:80 : Parsing rule multiple_malicious...
2022-06-01 14:12:54,447 [DEBUG] correlation.py:80 : Parsing rule cloud_bucket_open...
2022-06-01 14:12:54,455 [DEBUG] correlation.py:80 : Parsing rule cert_expired...
2022-06-01 14:12:54,474 [DEBUG] correlation.py:80 : Parsing rule host_only_from_bruteforce...
2022-06-01 14:12:54,506 [DEBUG] correlation.py:80 : Parsing rule human_name_in_whois...
2022-06-01 14:12:54,525 [DEBUG] correlation.py:80 : Parsing rule database_exposed...
2022-06-01 14:12:54,540 [DEBUG] correlation.py:80 : Parsing rule strong_similardomain_crossref...
2022-06-01 14:12:54,586 [DEBUG] correlation.py:80 : Parsing rule vulnerability_critical...
2022-06-01 14:12:54,600 [DEBUG] correlation.py:80 : Parsing rule data_from_base64...
2022-06-01 14:12:54,611 [DEBUG] correlation.py:80 : Parsing rule name_only_from_pasteleak_site...
2022-06-01 14:12:54,638 [DEBUG] correlation.py:80 : Parsing rule outlier_country...
2022-06-01 14:12:54,660 [DEBUG] correlation.py:80 : Parsing rule outlier_cloud...
2022-06-01 14:12:54,691 [DEBUG] correlation.py:80 : Parsing rule outlier_email...
2022-06-01 14:12:54,704 [DEBUG] correlation.py:80 : Parsing rule http_errors...
2022-06-01 14:12:54,724 [DEBUG] correlation.py:80 : Parsing rule outlier_registrar...
2022-06-01 14:12:54,741 [DEBUG] correlation.py:80 : Parsing rule remote_desktop_exposed...
2022-06-01 14:12:54,761 [DEBUG] correlation.py:80 : Parsing rule outlier_hostname...
2022-06-01 14:12:54,768 [DEBUG] correlation.py:80 : Parsing rule open_port_version...
2022-06-01 14:12:54,793 [DEBUG] correlation.py:80 : Parsing rule data_from_docmeta...
2022-06-01 14:12:54,833 [DEBUG] correlation.py:80 : Parsing rule outlier_ipaddress...
2022-06-01 14:12:54,853 [DEBUG] correlation.py:80 : Parsing rule vulnerability_mediumlow...
2022-06-01 14:12:54,872 [DEBUG] correlation.py:80 : Parsing rule strong_affiliate_certs...
2022-06-01 14:12:54,893 [DEBUG] correlation.py:80 : Parsing rule multiple_malicious_affiliate...
2022-06-01 14:12:54,948 [DEBUG] correlation.py:80 : Parsing rule vulnerability_high...
2022-06-01 14:12:54,972 [DEBUG] correlation.py:80 : Parsing rule multiple_malicious_cohost...
2022-06-01 14:12:54,992 [DEBUG] correlation.py:80 : Parsing rule dev_or_test_system...
2022-06-01 14:12:55,012 [DEBUG] correlation.py:80 : Parsing rule cloud_bucket_open_related...
2022-06-01 14:12:55,029 [DEBUG] correlation.py:80 : Parsing rule outlier_webserver...
2022-06-01 14:12:55,078 [INFO] sf.py:493 : Starting web server at 0.0.0.0:8080 ...
2022-06-01 14:12:55,209 [WARNING] sf.py:550 : 
********************************************************************
Warning: passwd file contains no passwords. Authentication disabled.
Please consider adding authentication to protect this instance!
Refer to https://www.spiderfoot.net/documentation/#security.
********************************************************************

